[debug] [2023-11-09T17:48:28.796Z] ----------------------------------------------------------------------
[debug] [2023-11-09T17:48:28.802Z] Command:       C:\Program Files\nodejs\node.exe C:\Users\Abel\AppData\Roaming\npm\node_modules\firebase-tools\lib\bin\firebase.js emulators:start
[debug] [2023-11-09T17:48:28.803Z] CLI Version:   12.8.0
[debug] [2023-11-09T17:48:28.804Z] Platform:      win32
[debug] [2023-11-09T17:48:28.804Z] Node Version:  v19.8.1
[debug] [2023-11-09T17:48:28.804Z] Time:          Thu Nov 09 2023 12:48:28 GMT-0500 (Eastern Standard Time)
[debug] [2023-11-09T17:48:28.804Z] ----------------------------------------------------------------------
[debug] 
[debug] [2023-11-09T17:48:28.810Z] >>> [apiv2][query] GET https://firebase-public.firebaseio.com/cli.json [none]
[debug] [2023-11-09T17:48:28.998Z] > command requires scopes: ["email","openid","https://www.googleapis.com/auth/cloudplatformprojects.readonly","https://www.googleapis.com/auth/firebase","https://www.googleapis.com/auth/cloud-platform"]
[debug] [2023-11-09T17:48:28.999Z] > authorizing via signed-in user (abel1234mesfin@gmail.com)
[info] i  emulators: Starting emulators: functions, hosting {"metadata":{"emulator":{"name":"hub"},"message":"Starting emulators: functions, hosting"}}
[debug] [2023-11-09T17:48:29.023Z] [logging] Logging Emulator only supports listening on one address (127.0.0.1). Not listening on ::1
[debug] [2023-11-09T17:48:29.024Z] [hosting] Hosting Emulator only supports listening on one address (127.0.0.1). Not listening on ::1
[debug] [2023-11-09T17:48:29.024Z] assigned listening specs for emulators {"user":{"hub":[{"address":"127.0.0.1","family":"IPv4","port":4400},{"address":"::1","family":"IPv6","port":4400}],"ui":[{"address":"127.0.0.1","family":"IPv4","port":4000},{"address":"::1","family":"IPv6","port":4000}],"logging":[{"address":"127.0.0.1","family":"IPv4","port":4500}],"hosting":[{"address":"127.0.0.1","family":"IPv4","port":5000}]},"metadata":{"message":"assigned listening specs for emulators"}}
[warn] !  emulators: It seems that you are running multiple instances of the emulator suite for project abels-c674c. This may result in unexpected behavior. 
[debug] [2023-11-09T17:48:29.049Z] [hub] writing locator at C:\Users\Abel\AppData\Local\Temp\hub-abels-c674c.json
[debug] [2023-11-09T17:48:29.090Z] [functions] Functions Emulator only supports listening on one address (127.0.0.1). Not listening on ::1
[debug] [2023-11-09T17:48:29.090Z] [eventarc] Eventarc Emulator only supports listening on one address (127.0.0.1). Not listening on ::1
[debug] [2023-11-09T17:48:29.091Z] late-assigned ports for functions and eventarc emulators {"user":{"hub":[{"address":"127.0.0.1","family":"IPv4","port":4400},{"address":"::1","family":"IPv6","port":4400}],"ui":[{"address":"127.0.0.1","family":"IPv4","port":4000},{"address":"::1","family":"IPv6","port":4000}],"logging":[{"address":"127.0.0.1","family":"IPv4","port":4500}],"hosting":[{"address":"127.0.0.1","family":"IPv4","port":5000}],"functions":[{"address":"127.0.0.1","family":"IPv4","port":5001}],"eventarc":[{"address":"127.0.0.1","family":"IPv4","port":9299}]},"metadata":{"message":"late-assigned ports for functions and eventarc emulators"}}
[warn] !  functions: The following emulators are not running, calls to these services from the Functions emulator will affect production: auth, firestore, database, pubsub, storage {"metadata":{"emulator":{"name":"functions"},"message":"The following emulators are not running, calls to these services from the Functions emulator will affect production: \u001b[1mauth, firestore, database, pubsub, storage\u001b[22m"}}
[debug] [2023-11-09T17:48:29.099Z] defaultcredentials: writing to file C:\Users\Abel\AppData\Roaming\firebase\abel1234mesfin_gmail_com_application_default_credentials.json
[debug] [2023-11-09T17:48:29.106Z] Setting GAC to C:\Users\Abel\AppData\Roaming\firebase\abel1234mesfin_gmail_com_application_default_credentials.json {"metadata":{"emulator":{"name":"functions"},"message":"Setting GAC to C:\\Users\\Abel\\AppData\\Roaming\\firebase\\abel1234mesfin_gmail_com_application_default_credentials.json"}}
[debug] [2023-11-09T17:48:29.109Z] > refreshing access token with scopes: []
[debug] [2023-11-09T17:48:29.111Z] >>> [apiv2][query] POST https://www.googleapis.com/oauth2/v3/token [none]
[debug] [2023-11-09T17:48:29.111Z] >>> [apiv2][body] POST https://www.googleapis.com/oauth2/v3/token [omitted]
[debug] [2023-11-09T17:48:29.185Z] <<< [apiv2][status] GET https://firebase-public.firebaseio.com/cli.json 200
[debug] [2023-11-09T17:48:29.185Z] <<< [apiv2][body] GET https://firebase-public.firebaseio.com/cli.json {"cloudBuildErrorAfter":1594252800000,"cloudBuildWarnAfter":1590019200000,"defaultNode10After":1594252800000,"minVersion":"3.0.5","node8DeploysDisabledAfter":1613390400000,"node8RuntimeDisabledAfter":1615809600000,"node8WarnAfter":1600128000000}
[debug] [2023-11-09T17:48:29.214Z] <<< [apiv2][status] POST https://www.googleapis.com/oauth2/v3/token 400
[debug] [2023-11-09T17:48:29.214Z] <<< [apiv2][body] POST https://www.googleapis.com/oauth2/v3/token [omitted]
[debug] [2023-11-09T17:48:29.214Z] >>> [apiv2][query] GET https://firebase.googleapis.com/v1beta1/projects/abels-c674c/adminSdkConfig [none]
[debug] [2023-11-09T17:48:29.485Z] <<< [apiv2][status] GET https://firebase.googleapis.com/v1beta1/projects/abels-c674c/adminSdkConfig 401
[debug] [2023-11-09T17:48:29.486Z] <<< [apiv2][body] GET https://firebase.googleapis.com/v1beta1/projects/abels-c674c/adminSdkConfig {"error":{"code":401,"message":"Request had invalid authentication credentials. Expected OAuth 2 access token, login cookie or other valid authentication credential. See https://developers.google.com/identity/sign-in/web/devconsole-project.","status":"UNAUTHENTICATED"}}
[debug] [2023-11-09T17:48:29.487Z] Failed to get Admin SDK config for abels-c674c, falling back to cache Failed to get Admin SDK for Firebase project abels-c674c. Please make sure the project exists and your account has permission to access it. {"name":"FirebaseError","children":[],"exit":2,"message":"Failed to get Admin SDK for Firebase project abels-c674c. Please make sure the project exists and your account has permission to access it.","original":{"name":"FirebaseError","children":[],"context":{"body":{"error":{"code":401,"message":"Request had invalid authentication credentials. Expected OAuth 2 access token, login cookie or other valid authentication credential. See https://developers.google.com/identity/sign-in/web/devconsole-project.","status":"UNAUTHENTICATED"}},"response":{"statusCode":401}},"exit":1,"message":"HTTP Error: 401, Request had invalid authentication credentials. Expected OAuth 2 access token, login cookie or other valid authentication credential. See https://developers.google.com/identity/sign-in/web/devconsole-project.","status":401},"status":500}
[debug] [2023-11-09T17:48:29.503Z] > refreshing access token with scopes: []
[debug] [2023-11-09T17:48:29.503Z] >>> [apiv2][query] POST https://www.googleapis.com/oauth2/v3/token [none]
[debug] [2023-11-09T17:48:29.504Z] >>> [apiv2][body] POST https://www.googleapis.com/oauth2/v3/token [omitted]
[debug] [2023-11-09T17:48:29.561Z] <<< [apiv2][status] POST https://www.googleapis.com/oauth2/v3/token 400
[debug] [2023-11-09T17:48:29.561Z] <<< [apiv2][body] POST https://www.googleapis.com/oauth2/v3/token [omitted]
[debug] [2023-11-09T17:48:29.562Z] >>> [apiv2][query] GET https://firebasehosting.googleapis.com/v1beta1/projects/abels-c674c/sites 
[debug] [2023-11-09T17:48:29.913Z] <<< [apiv2][status] GET https://firebasehosting.googleapis.com/v1beta1/projects/abels-c674c/sites 401
[debug] [2023-11-09T17:48:29.913Z] <<< [apiv2][body] GET https://firebasehosting.googleapis.com/v1beta1/projects/abels-c674c/sites {"error":{"code":401,"message":"Request had invalid authentication credentials. Expected OAuth 2 access token, login cookie or other valid authentication credential. See https://developers.google.com/identity/sign-in/web/devconsole-project.","status":"UNAUTHENTICATED"}}
[debug] [2023-11-09T17:48:29.913Z] Failed to list hosting sites
[debug] HTTP Error: 401, Request had invalid authentication credentials. Expected OAuth 2 access token, login cookie or other valid authentication credential. See https://developers.google.com/identity/sign-in/web/devconsole-project.
[debug] [2023-11-09T17:48:29.914Z] > refreshing access token with scopes: []
[debug] [2023-11-09T17:48:29.914Z] >>> [apiv2][query] POST https://www.googleapis.com/oauth2/v3/token [none]
[debug] [2023-11-09T17:48:29.914Z] >>> [apiv2][body] POST https://www.googleapis.com/oauth2/v3/token [omitted]
[debug] [2023-11-09T17:48:29.969Z] <<< [apiv2][status] POST https://www.googleapis.com/oauth2/v3/token 400
[debug] [2023-11-09T17:48:29.969Z] <<< [apiv2][body] POST https://www.googleapis.com/oauth2/v3/token [omitted]
[debug] [2023-11-09T17:48:29.969Z] >>> [apiv2][query] GET https://firebase.googleapis.com/v1beta1/projects/abels-c674c/webApps/-/config [none]
[debug] [2023-11-09T17:48:30.011Z] <<< [apiv2][status] GET https://firebase.googleapis.com/v1beta1/projects/abels-c674c/webApps/-/config 401
[debug] [2023-11-09T17:48:30.011Z] <<< [apiv2][body] GET https://firebase.googleapis.com/v1beta1/projects/abels-c674c/webApps/-/config {"error":{"code":401,"message":"Request had invalid authentication credentials. Expected OAuth 2 access token, login cookie or other valid authentication credential. See https://developers.google.com/identity/sign-in/web/devconsole-project.","status":"UNAUTHENTICATED"}}
[debug] [2023-11-09T17:48:30.011Z] fetchWebSetup error: FirebaseError: HTTP Error: 401, Request had invalid authentication credentials. Expected OAuth 2 access token, login cookie or other valid authentication credential. See https://developers.google.com/identity/sign-in/web/devconsole-project.
[warn] !  hosting: Could not fetch web app configuration and there is no cached configuration on this machine. Check your internet connection and make sure you are authenticated. To continue, you must call firebase.initializeApp({...}) in your code before using Firebase. 
[debug] [2023-11-09T17:48:30.013Z] > refreshing access token with scopes: []
[debug] [2023-11-09T17:48:30.013Z] >>> [apiv2][query] POST https://www.googleapis.com/oauth2/v3/token [none]
[debug] [2023-11-09T17:48:30.013Z] >>> [apiv2][body] POST https://www.googleapis.com/oauth2/v3/token [omitted]
[debug] [2023-11-09T17:48:30.059Z] <<< [apiv2][status] POST https://www.googleapis.com/oauth2/v3/token 400
[debug] [2023-11-09T17:48:30.059Z] <<< [apiv2][body] POST https://www.googleapis.com/oauth2/v3/token [omitted]
[debug] [2023-11-09T17:48:30.060Z] >>> [apiv2][query] GET https://firebase.googleapis.com/v1beta1/projects/abels-c674c [none]
[debug] [2023-11-09T17:48:30.094Z] <<< [apiv2][status] GET https://firebase.googleapis.com/v1beta1/projects/abels-c674c 401
[debug] [2023-11-09T17:48:30.095Z] <<< [apiv2][body] GET https://firebase.googleapis.com/v1beta1/projects/abels-c674c {"error":{"code":401,"message":"Request had invalid authentication credentials. Expected OAuth 2 access token, login cookie or other valid authentication credential. See https://developers.google.com/identity/sign-in/web/devconsole-project.","status":"UNAUTHENTICATED"}}
[debug] [2023-11-09T17:48:30.095Z] HTTP Error: 401, Request had invalid authentication credentials. Expected OAuth 2 access token, login cookie or other valid authentication credential. See https://developers.google.com/identity/sign-in/web/devconsole-project.
[info] i  hosting[abels-c674c]: Serving hosting files from: build {"metadata":{"emulator":{"name":"hosting"},"message":"Serving hosting files from: \u001b[1mbuild\u001b[22m"}}
[info] +  hosting[abels-c674c]: Local server: http://127.0.0.1:5000 {"metadata":{"emulator":{"name":"hosting"},"message":"Local server: \u001b[4m\u001b[1mhttp://127.0.0.1:5000\u001b[22m\u001b[24m"}}
[debug] [2023-11-09T17:48:30.138Z] Ignoring unsupported arg: auto_download {"metadata":{"emulator":{"name":"ui"},"message":"Ignoring unsupported arg: auto_download"}}
[debug] [2023-11-09T17:48:30.139Z] Ignoring unsupported arg: port {"metadata":{"emulator":{"name":"ui"},"message":"Ignoring unsupported arg: port"}}
[debug] [2023-11-09T17:48:30.139Z] Starting Emulator UI with command {"binary":"node","args":["C:\\Users\\Abel\\.cache\\firebase\\emulators\\ui-v1.11.7\\server\\server.js"],"optionalArgs":[],"joinArgs":false} {"metadata":{"emulator":{"name":"ui"},"message":"Starting Emulator UI with command {\"binary\":\"node\",\"args\":[\"C:\\\\Users\\\\Abel\\\\.cache\\\\firebase\\\\emulators\\\\ui-v1.11.7\\\\server\\\\server.js\"],\"optionalArgs\":[],\"joinArgs\":false}"}}
[info] i  ui: Emulator UI logging to ui-debug.log {"metadata":{"emulator":{"name":"ui"},"message":"Emulator UI logging to \u001b[1mui-debug.log\u001b[22m"}}
[debug] [2023-11-09T17:48:30.511Z] Web / API server started at 127.0.0.1:4000
 {"metadata":{"emulator":{"name":"ui"},"message":"Web / API server started at 127.0.0.1:4000\n"}}
[debug] [2023-11-09T17:48:30.512Z] Web / API server started at ::1:4000
 {"metadata":{"emulator":{"name":"ui"},"message":"Web / API server started at ::1:4000\n"}}
[info] i  functions: Watching "C:\Users\Abel\OneDrive\Desktop\amazon\functions" for Cloud Functions... {"metadata":{"emulator":{"name":"functions"},"message":"Watching \"C:\\Users\\Abel\\OneDrive\\Desktop\\amazon\\functions\" for Cloud Functions..."}}
[debug] [2023-11-09T17:48:30.718Z] Validating nodejs source
[debug] [2023-11-09T17:48:34.329Z] > [functions] package.json contents: {
  "name": "functions",
  "description": "Cloud Functions for Firebase",
  "scripts": {
    "lint": "eslint .",
    "serve": "firebase emulators:start --only functions",
    "shell": "firebase functions:shell",
    "start": "npm run shell",
    "deploy": "firebase deploy --only functions",
    "logs": "firebase functions:log"
  },
  "engines": {
    "node": "18"
  },
  "main": "index.js",
  "dependencies": {
    "cors": "^2.8.5",
    "express": "^4.18.2",
    "firebase-admin": "^11.11.0",
    "firebase-functions": "^4.5.0",
    "stripe": "^14.1.0"
  },
  "devDependencies": {
    "babel-preset-react-app": "^10.0.1",
    "eslint": "^8.15.0",
    "eslint-config-google": "^0.14.0",
    "firebase-functions-test": "^3.1.0"
  },
  "private": true
}
[debug] [2023-11-09T17:48:34.330Z] Building nodejs source
[debug] [2023-11-09T17:48:34.330Z] Failed to find version of module node: reached end of search path C:\Users\Abel\OneDrive\Desktop\amazon\functions\node_modules
[warn] !  functions: Your requested "node" version "18" doesn't match your global version "19". Using node@19 from host. 
[debug] [2023-11-09T17:48:34.336Z] Could not find functions.yaml. Must use http discovery
[debug] [2023-11-09T17:48:34.353Z] Found firebase-functions binary at 'C:\Users\Abel\OneDrive\Desktop\amazon\functions\node_modules\.bin\firebase-functions'
[info] Serving at port 8455

[debug] [2023-11-09T17:48:36.831Z] Got response from /__/functions.yaml {"endpoints":{"api":{"platform":"gcfv1","availableMemoryMb":null,"timeoutSeconds":null,"minInstances":null,"maxInstances":null,"ingressSettings":null,"serviceAccountEmail":null,"vpc":null,"httpsTrigger":{},"entryPoint":"api"}},"specVersion":"v1alpha1","requiredAPIs":[]}
[info] +  functions: Loaded functions definitions from source: api. {"metadata":{"emulator":{"name":"functions"},"message":"Loaded functions definitions from source: api."}}
[info] +  functions[us-central1-api]: http function initialized (http://127.0.0.1:5001/abels-c674c/us-central1/api). {"metadata":{"emulator":{"name":"functions"},"message":"\u001b[1mhttp\u001b[22m function initialized (http://127.0.0.1:5001/abels-c674c/us-central1/api)."}}
[info] 
┌─────────────────────────────────────────────────────────────┐
│ ✔  All emulators ready! It is now safe to connect your app. │
│ i  View Emulator UI at http://127.0.0.1:4000/               │
└─────────────────────────────────────────────────────────────┘

┌───────────┬────────────────┬─────────────────────────────────┐
│ Emulator  │ Host:Port      │ View in Emulator UI             │
├───────────┼────────────────┼─────────────────────────────────┤
│ Functions │ 127.0.0.1:5001 │ http://127.0.0.1:4000/functions │
├───────────┼────────────────┼─────────────────────────────────┤
│ Hosting   │ 127.0.0.1:5000 │ n/a                             │
└───────────┴────────────────┴─────────────────────────────────┘
  Emulator Hub running at 127.0.0.1:4400
  Other reserved ports: 4500

Issues? Report them at https://github.com/firebase/firebase-tools/issues and attach the *-debug.log files.
 
[debug] [2023-11-09T17:48:45.397Z] [work-queue] {"queuedWork":["/abels-c674c/us-central1/api-2023-11-09T17:48:45.392Z"],"queueLength":1,"runningWork":[],"workRunningCount":0}
[debug] [2023-11-09T17:48:45.401Z] [work-queue] {"queuedWork":[],"queueLength":0,"runningWork":["/abels-c674c/us-central1/api-2023-11-09T17:48:45.392Z"],"workRunningCount":1}
[debug] [2023-11-09T17:48:45.402Z] Accepted request GET /abels-c674c/us-central1/api --> us-central1-api
[debug] [2023-11-09T17:48:45.406Z] [functions] Runtime ready! Sending request! {"metadata":{"emulator":{"name":"functions"},"message":"[functions] Runtime ready! Sending request!"}}
[debug] [2023-11-09T17:48:45.410Z] [functions] Got req.url=/abels-c674c/us-central1/api, mapping to path=/ {"metadata":{"emulator":{"name":"functions"},"message":"[functions] Got req.url=/abels-c674c/us-central1/api, mapping to path=/"}}
[debug] [2023-11-09T17:48:45.461Z] [worker-pool] addWorker(us-central1-api) {"metadata":{"emulator":{"name":"functions"},"message":"[worker-pool] addWorker(us-central1-api)"}}
[debug] [2023-11-09T17:48:45.464Z] [worker-pool] Adding worker with key us-central1-api, total=1 {"metadata":{"emulator":{"name":"functions"},"message":"[worker-pool] Adding worker with key us-central1-api, total=1"}}
[debug] [2023-11-09T17:48:48.844Z] [runtime-status] [22748] Resolved module firebase-admin {"declared":true,"installed":true,"version":"11.11.0","resolution":"C:\\Users\\Abel\\OneDrive\\Desktop\\amazon\\functions\\node_modules\\firebase-admin\\lib\\index.js"} {"metadata":{"emulator":{"name":"functions"},"function":{"name":"us-central1-api"},"extension":{},"message":"[runtime-status] [22748] Resolved module firebase-admin {\"declared\":true,\"installed\":true,\"version\":\"11.11.0\",\"resolution\":\"C:\\\\Users\\\\Abel\\\\OneDrive\\\\Desktop\\\\amazon\\\\functions\\\\node_modules\\\\firebase-admin\\\\lib\\\\index.js\"}"}}
[debug] [2023-11-09T17:48:48.848Z] [runtime-status] [22748] Resolved module firebase-functions {"declared":true,"installed":true,"version":"4.5.0","resolution":"C:\\Users\\Abel\\OneDrive\\Desktop\\amazon\\functions\\node_modules\\firebase-functions\\lib\\v1\\index.js"} {"metadata":{"emulator":{"name":"functions"},"function":{"name":"us-central1-api"},"extension":{},"message":"[runtime-status] [22748] Resolved module firebase-functions {\"declared\":true,\"installed\":true,\"version\":\"4.5.0\",\"resolution\":\"C:\\\\Users\\\\Abel\\\\OneDrive\\\\Desktop\\\\amazon\\\\functions\\\\node_modules\\\\firebase-functions\\\\lib\\\\v1\\\\index.js\"}"}}
[debug] [2023-11-09T17:48:48.849Z] [runtime-status] [22748] Outgoing network have been stubbed. [{"name":"http","status":"mocked"},{"name":"http","status":"mocked"},{"name":"https","status":"mocked"},{"name":"https","status":"mocked"},{"name":"net","status":"mocked"}] {"metadata":{"emulator":{"name":"functions"},"function":{"name":"us-central1-api"},"extension":{},"message":"[runtime-status] [22748] Outgoing network have been stubbed. [{\"name\":\"http\",\"status\":\"mocked\"},{\"name\":\"http\",\"status\":\"mocked\"},{\"name\":\"https\",\"status\":\"mocked\"},{\"name\":\"https\",\"status\":\"mocked\"},{\"name\":\"net\",\"status\":\"mocked\"}]"}}
[debug] [2023-11-09T17:48:48.851Z] [runtime-status] [22748] Resolved module firebase-functions {"declared":true,"installed":true,"version":"4.5.0","resolution":"C:\\Users\\Abel\\OneDrive\\Desktop\\amazon\\functions\\node_modules\\firebase-functions\\lib\\v1\\index.js"} {"metadata":{"emulator":{"name":"functions"},"function":{"name":"us-central1-api"},"extension":{},"message":"[runtime-status] [22748] Resolved module firebase-functions {\"declared\":true,\"installed\":true,\"version\":\"4.5.0\",\"resolution\":\"C:\\\\Users\\\\Abel\\\\OneDrive\\\\Desktop\\\\amazon\\\\functions\\\\node_modules\\\\firebase-functions\\\\lib\\\\v1\\\\index.js\"}"}}
[debug] [2023-11-09T17:48:49.598Z] [runtime-status] [22748] Checked functions.config() {"config":{}} {"metadata":{"emulator":{"name":"functions"},"function":{"name":"us-central1-api"},"extension":{},"message":"[runtime-status] [22748] Checked functions.config() {\"config\":{}}"}}
[debug] [2023-11-09T17:48:49.599Z] [runtime-status] [22748] firebase-functions has been stubbed. {"functionsResolution":{"declared":true,"installed":true,"version":"4.5.0","resolution":"C:\\Users\\Abel\\OneDrive\\Desktop\\amazon\\functions\\node_modules\\firebase-functions\\lib\\v1\\index.js"}} {"metadata":{"emulator":{"name":"functions"},"function":{"name":"us-central1-api"},"extension":{},"message":"[runtime-status] [22748] firebase-functions has been stubbed. {\"functionsResolution\":{\"declared\":true,\"installed\":true,\"version\":\"4.5.0\",\"resolution\":\"C:\\\\Users\\\\Abel\\\\OneDrive\\\\Desktop\\\\amazon\\\\functions\\\\node_modules\\\\firebase-functions\\\\lib\\\\v1\\\\index.js\"}}"}}
[debug] [2023-11-09T17:48:49.603Z] [runtime-status] [22748] Resolved module firebase-functions {"declared":true,"installed":true,"version":"4.5.0","resolution":"C:\\Users\\Abel\\OneDrive\\Desktop\\amazon\\functions\\node_modules\\firebase-functions\\lib\\v1\\index.js"} {"metadata":{"emulator":{"name":"functions"},"function":{"name":"us-central1-api"},"extension":{},"message":"[runtime-status] [22748] Resolved module firebase-functions {\"declared\":true,\"installed\":true,\"version\":\"4.5.0\",\"resolution\":\"C:\\\\Users\\\\Abel\\\\OneDrive\\\\Desktop\\\\amazon\\\\functions\\\\node_modules\\\\firebase-functions\\\\lib\\\\v1\\\\index.js\"}"}}
[debug] [2023-11-09T17:48:49.606Z] [runtime-status] [22748] Resolved module firebase-admin {"declared":true,"installed":true,"version":"11.11.0","resolution":"C:\\Users\\Abel\\OneDrive\\Desktop\\amazon\\functions\\node_modules\\firebase-admin\\lib\\index.js"} {"metadata":{"emulator":{"name":"functions"},"function":{"name":"us-central1-api"},"extension":{},"message":"[runtime-status] [22748] Resolved module firebase-admin {\"declared\":true,\"installed\":true,\"version\":\"11.11.0\",\"resolution\":\"C:\\\\Users\\\\Abel\\\\OneDrive\\\\Desktop\\\\amazon\\\\functions\\\\node_modules\\\\firebase-admin\\\\lib\\\\index.js\"}"}}
[debug] [2023-11-09T17:48:49.614Z] [runtime-status] [22748] Resolved module firebase-functions {"declared":true,"installed":true,"version":"4.5.0","resolution":"C:\\Users\\Abel\\OneDrive\\Desktop\\amazon\\functions\\node_modules\\firebase-functions\\lib\\v1\\index.js"} {"metadata":{"emulator":{"name":"functions"},"function":{"name":"us-central1-api"},"extension":{},"message":"[runtime-status] [22748] Resolved module firebase-functions {\"declared\":true,\"installed\":true,\"version\":\"4.5.0\",\"resolution\":\"C:\\\\Users\\\\Abel\\\\OneDrive\\\\Desktop\\\\amazon\\\\functions\\\\node_modules\\\\firebase-functions\\\\lib\\\\v1\\\\index.js\"}"}}
[debug] [2023-11-09T17:48:49.615Z] [runtime-status] [22748] firebase-admin has been stubbed. {"adminResolution":{"declared":true,"installed":true,"version":"11.11.0","resolution":"C:\\Users\\Abel\\OneDrive\\Desktop\\amazon\\functions\\node_modules\\firebase-admin\\lib\\index.js"}} {"metadata":{"emulator":{"name":"functions"},"function":{"name":"us-central1-api"},"extension":{},"message":"[runtime-status] [22748] firebase-admin has been stubbed. {\"adminResolution\":{\"declared\":true,\"installed\":true,\"version\":\"11.11.0\",\"resolution\":\"C:\\\\Users\\\\Abel\\\\OneDrive\\\\Desktop\\\\amazon\\\\functions\\\\node_modules\\\\firebase-admin\\\\lib\\\\index.js\"}}"}}
[debug] [2023-11-09T17:48:50.212Z] [runtime-status] [22748] Functions runtime initialized. {"cwd":"C:\\Users\\Abel\\OneDrive\\Desktop\\amazon\\functions","node_version":"19.8.1"} {"metadata":{"emulator":{"name":"functions"},"function":{"name":"us-central1-api"},"extension":{},"message":"[runtime-status] [22748] Functions runtime initialized. {\"cwd\":\"C:\\\\Users\\\\Abel\\\\OneDrive\\\\Desktop\\\\amazon\\\\functions\",\"node_version\":\"19.8.1\"}"}}
[debug] [2023-11-09T17:48:50.213Z] [runtime-status] [22748] Listening to port: \\?\pipe\fire_emu_47bd955a22f19dbc {"metadata":{"emulator":{"name":"functions"},"function":{"name":"us-central1-api"},"extension":{},"message":"[runtime-status] [22748] Listening to port: \\\\?\\pipe\\fire_emu_47bd955a22f19dbc"}}
[debug] [2023-11-09T17:48:50.239Z] [worker-us-central1-api-de0fb84e-4072-4c81-a8c6-d4cb533ebfa1]: IDLE {"metadata":{"emulator":{"name":"functions"},"function":{"name":"us-central1-api"},"extension":{},"message":"[worker-us-central1-api-de0fb84e-4072-4c81-a8c6-d4cb533ebfa1]: IDLE"}}
[debug] [2023-11-09T17:48:50.240Z] [worker-pool] submitRequest(triggerId=us-central1-api) {"metadata":{"emulator":{"name":"functions"},"message":"[worker-pool] submitRequest(triggerId=us-central1-api)"}}
[info] i  functions: Beginning execution of "us-central1-api" {"metadata":{"emulator":{"name":"functions"},"function":{"name":"us-central1-api"},"extension":{},"message":"Beginning execution of \"us-central1-api\""}}
[debug] [2023-11-09T17:48:50.242Z] [worker-us-central1-api-de0fb84e-4072-4c81-a8c6-d4cb533ebfa1]: BUSY {"metadata":{"emulator":{"name":"functions"},"function":{"name":"us-central1-api"},"extension":{},"message":"[worker-us-central1-api-de0fb84e-4072-4c81-a8c6-d4cb533ebfa1]: BUSY"}}
[debug] [2023-11-09T17:48:50.256Z] Finishing up request with event=pause {"metadata":{"emulator":{"name":"functions"},"function":{"name":"us-central1-api"},"extension":{},"message":"Finishing up request with event=pause"}}
[info] i  functions: Finished "us-central1-api" in 15.2096ms {"metadata":{"emulator":{"name":"functions"},"function":{"name":"us-central1-api"},"extension":{},"message":"Finished \"us-central1-api\" in 15.2096ms"}}
[debug] [2023-11-09T17:48:50.258Z] [worker-us-central1-api-de0fb84e-4072-4c81-a8c6-d4cb533ebfa1]: IDLE {"metadata":{"emulator":{"name":"functions"},"function":{"name":"us-central1-api"},"extension":{},"message":"[worker-us-central1-api-de0fb84e-4072-4c81-a8c6-d4cb533ebfa1]: IDLE"}}
[debug] [2023-11-09T17:48:50.258Z] Finishing up request with event=finish {"metadata":{"emulator":{"name":"functions"},"function":{"name":"us-central1-api"},"extension":{},"message":"Finishing up request with event=finish"}}
[debug] [2023-11-09T17:48:50.259Z] Finishing up request with event=close {"metadata":{"emulator":{"name":"functions"},"function":{"name":"us-central1-api"},"extension":{},"message":"Finishing up request with event=close"}}
[debug] [2023-11-09T17:48:50.259Z] [work-queue] {"queuedWork":[],"queueLength":0,"runningWork":[],"workRunningCount":0}
[debug] [2023-11-09T17:48:50.382Z] Functions emulator received unknown request at path /favicon.ico
[debug] [2023-11-09T17:55:41.251Z] Received signal SIGHUP 1
